<?xml version="1.0" encoding="UTF-8"?>
<robot generator="Robot 4.0.2 (Python 3.8.3 on win32)" generated="20210527 14:58:37.780" rpa="true" schemaversion="2">
<suite id="s1" name="BasicOperations" source="C:\Users\91836\PycharmProjects\RobotFramework\BasicOperations.robot">
<test id="s1-t1" name="Task1">
<kw name="Open Available Browser" library="RPA.Browser">
<arg>http://www.practiceselenium.com/practice-form.html</arg>
<doc>Attempts to open a browser on the user's device from a set of
supported browsers. Automatically downloads a corresponding webdriver
if none is already installed.</doc>
<msg timestamp="20210527 14:58:38.244" level="INFO">Creating an instance of the Chrome WebDriver.</msg>
<msg timestamp="20210527 14:58:38.252" level="INFO">Created download root directory: C:\Users\91836\AppData\Local\robocorp\webdrivers</msg>
<msg timestamp="20210527 14:58:38.252" level="INFO">Created symlink directory: C:\Users\91836\AppData\Local\robocorp\webdrivers</msg>
<msg timestamp="20210527 14:58:38.252" level="INFO">Creating an instance of the Chrome WebDriver.</msg>
<msg timestamp="20210527 14:58:39.743" level="INFO">Created Chrome browser with arguments: --disable-dev-shm-usage --disable-web-security --allow-running-insecure-content --no-sandbox</msg>
<msg timestamp="20210527 14:58:39.743" level="INFO" html="true">&lt;p&gt;Attempted combinations:&lt;/p&gt;&lt;div class="doc"&gt;&lt;table&gt;&lt;tr&gt;&lt;th&gt;Browser&lt;/th&gt;&lt;th&gt;Download&lt;/th&gt;&lt;th&gt;Error&lt;/th&gt;&lt;/tr&gt;&lt;tr&gt;&lt;td&gt;Chrome&lt;/td&gt;&lt;td&gt;False&lt;/td&gt;&lt;td&gt;Message: 'chromedriver' executable needs to be in PATH. Please see https://sites.google.com/a/chromium.org/chromedriver/home
&lt;/td&gt;&lt;/tr&gt;&lt;tr&gt;&lt;td&gt;Chrome&lt;/td&gt;&lt;td&gt;True&lt;/td&gt;&lt;td&gt;&lt;/td&gt;&lt;/tr&gt;&lt;/table&gt;&lt;/div&gt;</msg>
<msg timestamp="20210527 14:58:39.743" level="INFO">Opening url 'http://www.practiceselenium.com/practice-form.html'</msg>
<status status="PASS" starttime="20210527 14:58:38.243" endtime="20210527 14:58:50.914"/>
</kw>
<kw name="Maximize Browser Window" library="RPA.Browser">
<doc>Maximizes current browser window.</doc>
<status status="PASS" starttime="20210527 14:58:50.915" endtime="20210527 14:58:51.045"/>
</kw>
<kw name="Set Selenium Speed" library="RPA.Browser">
<arg>2</arg>
<doc>Sets the delay that is waited after each Selenium command.</doc>
<status status="PASS" starttime="20210527 14:58:51.045" endtime="20210527 14:58:51.045"/>
</kw>
<kw name="Select Radio Button" library="RPA.Browser">
<arg>sex</arg>
<arg>Female</arg>
<doc>Sets the radio button group ``group_name`` to ``value``.</doc>
<msg timestamp="20210527 14:58:51.046" level="INFO">Selecting 'Female' from radio button 'sex'.</msg>
<status status="PASS" starttime="20210527 14:58:51.046" endtime="20210527 14:58:57.168"/>
</kw>
<kw name="Select Checkbox" library="RPA.Browser">
<arg>//input[@id='tool-0']</arg>
<doc>Selects the checkbox identified by ``locator``.</doc>
<msg timestamp="20210527 14:58:57.170" level="INFO">Selecting checkbox '//input[@id='tool-0']'.</msg>
<status status="PASS" starttime="20210527 14:58:57.169" endtime="20210527 14:59:07.358"/>
</kw>
<kw name="Select Checkbox" library="RPA.Browser">
<arg>//input[@id='tool-1']</arg>
<doc>Selects the checkbox identified by ``locator``.</doc>
<msg timestamp="20210527 14:59:07.360" level="INFO">Selecting checkbox '//input[@id='tool-1']'.</msg>
<status status="PASS" starttime="20210527 14:59:07.359" endtime="20210527 14:59:17.552"/>
</kw>
<kw name="Sleep" library="BuiltIn">
<arg>10</arg>
<doc>Pauses the test executed for the given time.</doc>
<msg timestamp="20210527 14:59:27.563" level="INFO">Slept 10 seconds</msg>
<status status="PASS" starttime="20210527 14:59:17.553" endtime="20210527 14:59:27.563"/>
</kw>
<status status="PASS" starttime="20210527 14:58:38.243" endtime="20210527 14:59:27.565"/>
</test>
<doc>doing automation on http://testautomationpractice.blogspot.com/</doc>
<status status="PASS" starttime="20210527 14:58:37.781" endtime="20210527 14:59:27.672"/>
</suite>
<statistics>
<total>
<stat pass="1" fail="0" skip="0">All Tasks</stat>
</total>
<tag>
</tag>
<suite>
<stat pass="1" fail="0" skip="0" id="s1" name="BasicOperations">BasicOperations</stat>
</suite>
</statistics>
<errors>
<msg timestamp="20210527 14:58:38.149" level="WARN">This is a deprecated import that will be removed in favor of RPA.Browser.Selenium</msg>
</errors>
</robot>
