<?xml version="1.0" encoding="UTF-8"?>
<robot generator="Robot 4.0.2 (Python 3.8.3 on win32)" generated="20210524 16:04:02.054" rpa="true" schemaversion="2">
<suite id="s1" name="BasicOperations" source="C:\Users\91836\PycharmProjects\RobotFramework\BasicOperations.robot">
<test id="s1-t1" name="Task1">
<kw name="Open Available Browser" library="RPA.Browser">
<arg>url=http://testautomationpractice.blogspot.com/</arg>
<doc>Attempts to open a browser on the user's device from a set of
supported browsers. Automatically downloads a corresponding webdriver
if none is already installed.</doc>
<msg timestamp="20210524 16:04:02.631" level="INFO">Creating an instance of the Chrome WebDriver.</msg>
<msg timestamp="20210524 16:04:02.638" level="INFO">Created download root directory: C:\Users\91836\AppData\Local\robocorp\webdrivers</msg>
<msg timestamp="20210524 16:04:02.638" level="INFO">Created symlink directory: C:\Users\91836\AppData\Local\robocorp\webdrivers</msg>
<msg timestamp="20210524 16:04:02.638" level="INFO">Creating an instance of the Chrome WebDriver.</msg>
<msg timestamp="20210524 16:04:04.108" level="INFO">Created Chrome browser with arguments: --disable-dev-shm-usage --disable-web-security --allow-running-insecure-content --no-sandbox</msg>
<msg timestamp="20210524 16:04:04.109" level="INFO" html="true">&lt;p&gt;Attempted combinations:&lt;/p&gt;&lt;div class="doc"&gt;&lt;table&gt;&lt;tr&gt;&lt;th&gt;Browser&lt;/th&gt;&lt;th&gt;Download&lt;/th&gt;&lt;th&gt;Error&lt;/th&gt;&lt;/tr&gt;&lt;tr&gt;&lt;td&gt;Chrome&lt;/td&gt;&lt;td&gt;False&lt;/td&gt;&lt;td&gt;Message: 'chromedriver' executable needs to be in PATH. Please see https://sites.google.com/a/chromium.org/chromedriver/home
&lt;/td&gt;&lt;/tr&gt;&lt;tr&gt;&lt;td&gt;Chrome&lt;/td&gt;&lt;td&gt;True&lt;/td&gt;&lt;td&gt;&lt;/td&gt;&lt;/tr&gt;&lt;/table&gt;&lt;/div&gt;</msg>
<msg timestamp="20210524 16:04:04.109" level="INFO">Opening url 'http://testautomationpractice.blogspot.com/'</msg>
<status status="PASS" starttime="20210524 16:04:02.631" endtime="20210524 16:04:15.055"/>
</kw>
<kw name="Maximize Browser Window" library="RPA.Browser">
<doc>Maximizes current browser window.</doc>
<status status="PASS" starttime="20210524 16:04:15.055" endtime="20210524 16:04:15.184"/>
</kw>
<kw name="Set Selenium Speed" library="RPA.Browser">
<arg>2 s</arg>
<doc>Sets the delay that is waited after each Selenium command.</doc>
<status status="PASS" starttime="20210524 16:04:15.184" endtime="20210524 16:04:15.184"/>
</kw>
<kw name="Log" library="BuiltIn">
<arg>C:\\Users\\91836\\PycharmProjects\\RobotFramework</arg>
<doc>Logs the given message with the given level.</doc>
<msg timestamp="20210524 16:04:15.185" level="INFO">C:\Users\91836\PycharmProjects\RobotFramework</msg>
<status status="PASS" starttime="20210524 16:04:15.185" endtime="20210524 16:04:15.185"/>
</kw>
<kw name="Select Frame" library="RPA.Browser">
<arg>//iframe[contains(@id,'frame-one')]</arg>
<doc>Sets frame identified by ``locator`` as the current frame.</doc>
<msg timestamp="20210524 16:04:15.185" level="INFO">Selecting frame '//iframe[contains(@id,'frame-one')]'.</msg>
<status status="PASS" starttime="20210524 16:04:15.185" endtime="20210524 16:04:19.229"/>
</kw>
<kw name="Select From List By Label" library="RPA.Browser">
<arg>//select[contains(@name,"RESULT_RadioButton-9")]</arg>
<arg>Afternoon</arg>
<doc>Selects options from selection list ``locator`` by ``labels``.</doc>
<msg timestamp="20210524 16:04:19.230" level="INFO">Selecting options from selection list '//select[contains(@name,"RESULT_RadioButton-9")]' by label Afternoon.</msg>
<status status="PASS" starttime="20210524 16:04:19.230" endtime="20210524 16:04:33.394"/>
</kw>
<kw name="Choose File" library="RPA.Browser">
<arg>//input[@type='file' and @class='file_upload']</arg>
<arg>C:\\Users\\91836\\PycharmProjects\\RobotFramework${/}hello.txt</arg>
<doc>Inputs the ``file_path`` into the file input field ``locator``.</doc>
<msg timestamp="20210524 16:04:33.396" level="INFO">Sending C:\Users\91836\PycharmProjects\RobotFramework\hello.txt to browser.</msg>
<status status="PASS" starttime="20210524 16:04:33.395" endtime="20210524 16:04:37.465"/>
</kw>
<kw name="Sleep" library="BuiltIn">
<arg>2</arg>
<doc>Pauses the test executed for the given time.</doc>
<msg timestamp="20210524 16:04:39.477" level="INFO">Slept 2 seconds</msg>
<status status="PASS" starttime="20210524 16:04:37.466" endtime="20210524 16:04:39.477"/>
</kw>
<kw name="Unselect Frame" library="RPA.Browser">
<doc>Sets the main frame as the current frame.</doc>
<status status="PASS" starttime="20210524 16:04:39.479" endtime="20210524 16:04:41.487"/>
</kw>
<kw name="Double Click Element" library="RPA.Browser">
<arg>//button[contains(text(),'Copy Text')]</arg>
<doc>Double clicks the element identified by ``locator``.</doc>
<msg timestamp="20210524 16:04:41.490" level="INFO">Double clicking element '//button[contains(text(),'Copy Text')]'.</msg>
<status status="PASS" starttime="20210524 16:04:41.489" endtime="20210524 16:04:45.822"/>
</kw>
<kw name="Sleep" library="BuiltIn">
<arg>3</arg>
<doc>Pauses the test executed for the given time.</doc>
<msg timestamp="20210524 16:04:48.831" level="INFO">Slept 3 seconds</msg>
<status status="PASS" starttime="20210524 16:04:45.823" endtime="20210524 16:04:48.831"/>
</kw>
<kw name="Drag And Drop" library="RPA.Browser">
<arg>//div[@id='draggable']</arg>
<arg>//div[@id='droppable']</arg>
<doc>Drags the element identified by ``locator`` into the ``target`` element.</doc>
<status status="PASS" starttime="20210524 16:04:48.832" endtime="20210524 16:04:55.487"/>
</kw>
<kw name="Sleep" library="BuiltIn">
<arg>1 minutes</arg>
<doc>Pauses the test executed for the given time.</doc>
<msg timestamp="20210524 16:05:55.502" level="INFO">Slept 1 minute</msg>
<status status="PASS" starttime="20210524 16:04:55.489" endtime="20210524 16:05:55.502"/>
</kw>
<status status="PASS" starttime="20210524 16:04:02.630" endtime="20210524 16:05:55.504"/>
</test>
<doc>doing automation on http://testautomationpractice.blogspot.com/</doc>
<status status="PASS" starttime="20210524 16:04:02.057" endtime="20210524 16:05:55.507"/>
</suite>
<statistics>
<total>
<stat pass="1" fail="0" skip="0">All Tasks</stat>
</total>
<tag>
</tag>
<suite>
<stat pass="1" fail="0" skip="0" id="s1" name="BasicOperations">BasicOperations</stat>
</suite>
</statistics>
<errors>
<msg timestamp="20210524 16:04:02.550" level="WARN">This is a deprecated import that will be removed in favor of RPA.Browser.Selenium</msg>
</errors>
</robot>
