<?xml version="1.0" encoding="UTF-8"?>
<robot generator="Robot 4.0.2 (Python 3.8.3 on win32)" generated="20210708 18:49:41.153" rpa="true" schemaversion="2">
<suite id="s1" name="Suites">
<suite id="s1-s1" name="BasicOperations" source="C:\Users\91836\PycharmProjects\RobotFramework\BasicOperations.robot">
<test id="s1-s1-t1" name="Task1">
<kw name="Open Available Browser" library="RPA.Browser">
<arg>url=http://testautomationpractice.blogspot.com/</arg>
<doc>Attempts to open a browser on the user's device from a set of
supported browsers. Automatically downloads a corresponding webdriver
if none is already installed.</doc>
<msg timestamp="20210708 18:49:41.987" level="INFO">Creating an instance of the Chrome WebDriver.</msg>
<msg timestamp="20210708 18:49:42.005" level="INFO">Created download root directory: C:\Users\91836\AppData\Local\robocorp\webdrivers</msg>
<msg timestamp="20210708 18:49:42.006" level="INFO">Created symlink directory: C:\Users\91836\AppData\Local\robocorp\webdrivers</msg>
<msg timestamp="20210708 18:49:42.007" level="INFO">Creating an instance of the Chrome WebDriver.</msg>
<msg timestamp="20210708 18:49:44.497" level="INFO">Created Chrome browser with arguments: --disable-dev-shm-usage --disable-web-security --allow-running-insecure-content --no-sandbox</msg>
<msg timestamp="20210708 18:49:44.497" level="INFO" html="true">&lt;p&gt;Attempted combinations:&lt;/p&gt;&lt;div class="doc"&gt;&lt;table&gt;&lt;tr&gt;&lt;th&gt;Browser&lt;/th&gt;&lt;th&gt;Download&lt;/th&gt;&lt;th&gt;Error&lt;/th&gt;&lt;/tr&gt;&lt;tr&gt;&lt;td&gt;Chrome&lt;/td&gt;&lt;td&gt;False&lt;/td&gt;&lt;td&gt;Message: 'chromedriver' executable needs to be in PATH. Please see https://sites.google.com/a/chromium.org/chromedriver/home
&lt;/td&gt;&lt;/tr&gt;&lt;tr&gt;&lt;td&gt;Chrome&lt;/td&gt;&lt;td&gt;True&lt;/td&gt;&lt;td&gt;&lt;/td&gt;&lt;/tr&gt;&lt;/table&gt;&lt;/div&gt;</msg>
<msg timestamp="20210708 18:49:44.497" level="INFO">Opening url 'http://testautomationpractice.blogspot.com/'</msg>
<status status="PASS" starttime="20210708 18:49:41.986" endtime="20210708 18:49:51.892"/>
</kw>
<kw name="Maximize Browser Window" library="RPA.Browser">
<doc>Maximizes current browser window.</doc>
<status status="PASS" starttime="20210708 18:49:51.893" endtime="20210708 18:49:52.037"/>
</kw>
<kw name="Set Selenium Speed" library="RPA.Browser">
<arg>1 s</arg>
<doc>Sets the delay that is waited after each Selenium command.</doc>
<status status="PASS" starttime="20210708 18:49:52.037" endtime="20210708 18:49:52.039"/>
</kw>
<kw name="Click Button" library="RPA.Browser">
<arg>//button[normalize-space()='Click Me']</arg>
<doc>Clicks the button identified by ``locator``.</doc>
<msg timestamp="20210708 18:49:52.040" level="INFO">Clicking button '//button[normalize-space()='Click Me']'.</msg>
<status status="PASS" starttime="20210708 18:49:52.039" endtime="20210708 18:49:57.151"/>
</kw>
<kw name="Handle Alert" library="RPA.Browser">
<arg>action=ACCEPT</arg>
<doc>Handles the current alert and returns its message.</doc>
<msg timestamp="20210708 18:49:57.152" level="INFO">HANDLE::&lt;class 'NoneType'&gt;::None</msg>
<status status="PASS" starttime="20210708 18:49:57.151" endtime="20210708 18:50:00.181"/>
</kw>
<kw name="Log" library="BuiltIn">
<arg>C:\\Users\\91836\\PycharmProjects\\RobotFramework</arg>
<doc>Logs the given message with the given level.</doc>
<msg timestamp="20210708 18:50:00.181" level="INFO">C:\Users\91836\PycharmProjects\RobotFramework</msg>
<status status="PASS" starttime="20210708 18:50:00.181" endtime="20210708 18:50:00.181"/>
</kw>
<kw name="Select Frame" library="RPA.Browser">
<arg>//iframe[contains(@id,'frame-one')]</arg>
<doc>Sets frame identified by ``locator`` as the current frame.</doc>
<msg timestamp="20210708 18:50:00.182" level="INFO">Selecting frame '//iframe[contains(@id,'frame-one')]'.</msg>
<status status="PASS" starttime="20210708 18:50:00.182" endtime="20210708 18:50:02.213"/>
</kw>
<kw name="Select From List By Label" library="RPA.Browser">
<arg>//select[contains(@name,"RESULT_RadioButton-9")]</arg>
<arg>Afternoon</arg>
<doc>Selects options from selection list ``locator`` by ``labels``.</doc>
<msg timestamp="20210708 18:50:02.213" level="INFO">Selecting options from selection list '//select[contains(@name,"RESULT_RadioButton-9")]' by label Afternoon.</msg>
<status status="PASS" starttime="20210708 18:50:02.213" endtime="20210708 18:50:09.341"/>
</kw>
<kw name="Choose File" library="RPA.Browser">
<arg>//input[@type='file' and @class='file_upload']</arg>
<arg>C:\\Users\\91836\\PycharmProjects\\RobotFramework${/}hello.txt</arg>
<doc>Inputs the ``file_path`` into the file input field ``locator``.</doc>
<msg timestamp="20210708 18:50:09.342" level="INFO">Sending C:\Users\91836\PycharmProjects\RobotFramework\hello.txt to browser.</msg>
<status status="PASS" starttime="20210708 18:50:09.341" endtime="20210708 18:50:11.388"/>
</kw>
<kw name="Sleep" library="BuiltIn">
<arg>2</arg>
<doc>Pauses the test executed for the given time.</doc>
<msg timestamp="20210708 18:50:13.400" level="INFO">Slept 2 seconds</msg>
<status status="PASS" starttime="20210708 18:50:11.388" endtime="20210708 18:50:13.400"/>
</kw>
<kw name="Unselect Frame" library="RPA.Browser">
<doc>Sets the main frame as the current frame.</doc>
<status status="PASS" starttime="20210708 18:50:13.400" endtime="20210708 18:50:14.411"/>
</kw>
<kw name="Double Click Element" library="RPA.Browser">
<arg>//button[contains(text(),'Copy Text')]</arg>
<doc>Double clicks the element identified by ``locator``.</doc>
<msg timestamp="20210708 18:50:14.411" level="INFO">Double clicking element '//button[contains(text(),'Copy Text')]'.</msg>
<status status="PASS" starttime="20210708 18:50:14.411" endtime="20210708 18:50:16.714"/>
</kw>
<kw name="Sleep" library="BuiltIn">
<arg>2</arg>
<doc>Pauses the test executed for the given time.</doc>
<msg timestamp="20210708 18:50:18.717" level="INFO">Slept 2 seconds</msg>
<status status="PASS" starttime="20210708 18:50:16.714" endtime="20210708 18:50:18.717"/>
</kw>
<kw name="Drag And Drop" library="RPA.Browser">
<arg>//div[@id='draggable']</arg>
<arg>//div[@id='droppable']</arg>
<doc>Drags the element identified by ``locator`` into the ``target`` element.</doc>
<status status="PASS" starttime="20210708 18:50:18.717" endtime="20210708 18:50:22.304"/>
</kw>
<kw name="Sleep" library="BuiltIn">
<arg>2</arg>
<doc>Pauses the test executed for the given time.</doc>
<msg timestamp="20210708 18:50:24.308" level="INFO">Slept 2 seconds</msg>
<status status="PASS" starttime="20210708 18:50:22.304" endtime="20210708 18:50:24.308"/>
</kw>
<kw name="Scroll Element Into View" library="RPA.Browser">
<arg>//a[normalize-space()='Home']</arg>
<doc>Scrolls the element identified by ``locator`` into view.</doc>
<status status="PASS" starttime="20210708 18:50:24.308" endtime="20210708 18:50:26.605"/>
</kw>
<kw name="Sleep" library="BuiltIn">
<arg>2</arg>
<doc>Pauses the test executed for the given time.</doc>
<msg timestamp="20210708 18:50:28.613" level="INFO">Slept 2 seconds</msg>
<status status="PASS" starttime="20210708 18:50:26.605" endtime="20210708 18:50:28.613"/>
</kw>
<kw name="Execute Javascript" library="RPA.Browser">
<arg>window.scrollTo(0, document.body.scrollHeight)</arg>
<doc>Executes the given JavaScript code with possible arguments.</doc>
<msg timestamp="20210708 18:50:28.614" level="INFO">Executing JavaScript:
window.scrollTo(0, document.body.scrollHeight)
Without any arguments.</msg>
<status status="PASS" starttime="20210708 18:50:28.613" endtime="20210708 18:50:29.633"/>
</kw>
<kw name="Sleep" library="BuiltIn">
<arg>2</arg>
<doc>Pauses the test executed for the given time.</doc>
<msg timestamp="20210708 18:50:31.642" level="INFO">Slept 2 seconds</msg>
<status status="PASS" starttime="20210708 18:50:29.633" endtime="20210708 18:50:31.642"/>
</kw>
<kw name="Sleep" library="BuiltIn">
<arg>2</arg>
<doc>Pauses the test executed for the given time.</doc>
<msg timestamp="20210708 18:50:33.646" level="INFO">Slept 2 seconds</msg>
<status status="PASS" starttime="20210708 18:50:31.642" endtime="20210708 18:50:33.646"/>
</kw>
<kw name="Log" library="BuiltIn">
<arg>****************************************</arg>
<doc>Logs the given message with the given level.</doc>
<msg timestamp="20210708 18:50:33.647" level="INFO">****************************************</msg>
<status status="PASS" starttime="20210708 18:50:33.646" endtime="20210708 18:50:33.647"/>
</kw>
<kw name="Get File Content" library="read_file">
<var>${data}</var>
<arg>hello.txt</arg>
<msg timestamp="20210708 18:50:33.647" level="INFO">${data} = ['Hello World!']</msg>
<status status="PASS" starttime="20210708 18:50:33.647" endtime="20210708 18:50:33.648"/>
</kw>
<kw name="Log" library="BuiltIn">
<arg>${data}</arg>
<doc>Logs the given message with the given level.</doc>
<msg timestamp="20210708 18:50:33.648" level="INFO">['Hello World!']</msg>
<status status="PASS" starttime="20210708 18:50:33.648" endtime="20210708 18:50:33.648"/>
</kw>
<status status="PASS" starttime="20210708 18:49:41.983" endtime="20210708 18:50:33.648"/>
</test>
<doc>doing automation on http://testautomationpractice.blogspot.com/</doc>
<status status="PASS" starttime="20210708 18:49:41.200" endtime="20210708 18:50:33.649"/>
</suite>
<status status="PASS" starttime="20210708 18:49:41.170" endtime="20210708 18:50:33.658"/>
</suite>
<statistics>
<total>
<stat pass="1" fail="0" skip="0">All Tasks</stat>
</total>
<tag>
</tag>
<suite>
<stat pass="1" fail="0" skip="0" id="s1" name="Suites">Suites</stat>
<stat pass="1" fail="0" skip="0" id="s1-s1" name="BasicOperations">Suites.BasicOperations</stat>
</suite>
</statistics>
<errors>
<msg timestamp="20210708 18:49:41.782" level="WARN">This is a deprecated import that will be removed in favor of RPA.Browser.Selenium</msg>
</errors>
</robot>
